{"numFailedTestSuites":0,"numFailedTests":0,"numPassedTestSuites":1,"numPassedTests":1,"numPendingTestSuites":0,"numPendingTests":0,"numRuntimeErrorTestSuites":0,"numTodoTests":0,"numTotalTestSuites":1,"numTotalTests":1,"openHandles":[],"snapshot":{"added":0,"didUpdate":false,"failure":false,"filesAdded":0,"filesRemoved":0,"filesRemovedList":[],"filesUnmatched":0,"filesUpdated":0,"matched":0,"total":0,"unchecked":0,"uncheckedKeysByFile":[],"unmatched":0,"updated":0},"startTime":1673861879925,"success":true,"testResults":[{"assertionResults":[{"ancestorTitles":["Card"],"duration":22,"failureDetails":[],"failureMessages":[],"fullName":"Card renders title","invocations":1,"location":null,"numPassingAsserts":0,"retryReasons":[],"status":"passed","title":"renders title"}],"endTime":1673861880981,"message":"","name":"/Users/m.losovskyi/Projects/Private/next-story/components/Card/Card.spec.tsx","startTime":1673861880317,"status":"passed","summary":""}],"wasInterrupted":false}