{"numFailedTestSuites":0,"numFailedTests":0,"numPassedTestSuites":1,"numPassedTests":2,"numPendingTestSuites":0,"numPendingTests":0,"numRuntimeErrorTestSuites":0,"numTodoTests":0,"numTotalTestSuites":1,"numTotalTests":2,"openHandles":[],"snapshot":{"added":0,"didUpdate":false,"failure":false,"filesAdded":0,"filesRemoved":0,"filesRemovedList":[],"filesUnmatched":0,"filesUpdated":0,"matched":0,"total":0,"unchecked":0,"uncheckedKeysByFile":[],"unmatched":0,"updated":0},"startTime":1674686137799,"success":true,"testResults":[{"assertionResults":[{"ancestorTitles":["Login Form"],"duration":289,"failureDetails":[],"failureMessages":[],"fullName":"Login Form passes user data into callback on submit","invocations":1,"location":null,"numPassingAsserts":0,"retryReasons":[],"status":"passed","title":"passes user data into callback on submit"},{"ancestorTitles":["Login Form"],"duration":6,"failureDetails":[],"failureMessages":[],"fullName":"Login Form hides password if opted in","invocations":1,"location":null,"numPassingAsserts":0,"retryReasons":[],"status":"passed","title":"hides password if opted in"}],"endTime":1674686139916,"message":"","name":"/Users/m.losovskyi/Projects/Private/next-story/components/LoginForm/LoginForm.spec.tsx","startTime":1674686138352,"status":"passed","summary":""}],"wasInterrupted":false}